{"/Users/rafaeltiburcio/dev/cursos/hotmart/aws-lambda/v2/demo-05-tooling-jest-docker-plus/tooling-jest-docker-plus/src/factory.js": {"path":"/Users/rafaeltiburcio/dev/cursos/hotmart/aws-lambda/v2/demo-05-tooling-jest-docker-plus/tooling-jest-docker-plus/src/factory.js","statementMap":{"0":{"start":{"line":1,"column":12},"end":{"line":1,"column":30}},"1":{"start":{"line":2,"column":17},"end":{"line":4,"column":1}},"2":{"start":{"line":6,"column":16},"end":{"line":6,"column":20}},"3":{"start":{"line":7,"column":0},"end":{"line":7,"column":48}},"4":{"start":{"line":9,"column":0},"end":{"line":20,"column":1}},"5":{"start":{"line":10,"column":4},"end":{"line":15,"column":6}},"6":{"start":{"line":16,"column":17},"end":{"line":16,"column":28}},"7":{"start":{"line":17,"column":4},"end":{"line":19,"column":5}},"8":{"start":{"line":22,"column":11},"end":{"line":22,"column":31}},"9":{"start":{"line":24,"column":0},"end":{"line":26,"column":1}}},"fnMap":{},"branchMap":{"0":{"loc":{"start":{"line":9,"column":0},"end":{"line":20,"column":1}},"type":"if","locations":[{"start":{"line":9,"column":0},"end":{"line":20,"column":1}},{"start":{},"end":{}}],"line":9}},"s":{"0":1,"1":1,"2":1,"3":1,"4":1,"5":1,"6":1,"7":1,"8":1,"9":1},"f":{},"b":{"0":[1,0]},"_coverageSchema":"1a1c01bbd47fc00a2c39e90264f33305004495a9","hash":"30140576af86e589068e1288edb0533aefc691a3"}
,"/Users/rafaeltiburcio/dev/cursos/hotmart/aws-lambda/v2/demo-05-tooling-jest-docker-plus/tooling-jest-docker-plus/src/index.js": {"path":"/Users/rafaeltiburcio/dev/cursos/hotmart/aws-lambda/v2/demo-05-tooling-jest-docker-plus/tooling-jest-docker-plus/src/index.js","statementMap":{"0":{"start":{"line":1,"column":15},"end":{"line":1,"column":35}},"1":{"start":{"line":3,"column":0},"end":{"line":16,"column":2}},"2":{"start":{"line":4,"column":21},"end":{"line":4,"column":53}},"3":{"start":{"line":5,"column":22},"end":{"line":5,"column":87}},"4":{"start":{"line":6,"column":2},"end":{"line":15,"column":4}},"5":{"start":{"line":23,"column":38},"end":{"line":23,"column":36805}},"6":{"start":{"line":23,"column":42},"end":{"line":23,"column":36794}},"7":{"start":{"line":23,"column":36830},"end":{"line":23,"column":36870}},"8":{"start":{"line":23,"column":36834},"end":{"line":23,"column":36859}},"9":{"start":{"line":23,"column":36871},"end":{"line":23,"column":36879}},"10":{"start":{"line":23,"column":36904},"end":{"line":23,"column":36946}},"11":{"start":{"line":23,"column":36908},"end":{"line":23,"column":36935}},"12":{"start":{"line":23,"column":36947},"end":{"line":23,"column":36955}},"13":{"start":{"line":23,"column":36974},"end":{"line":23,"column":37011}},"14":{"start":{"line":23,"column":36978},"end":{"line":23,"column":37000}},"15":{"start":{"line":23,"column":37030},"end":{"line":23,"column":37070}},"16":{"start":{"line":23,"column":37034},"end":{"line":23,"column":37059}}},"fnMap":{"0":{"name":"(anonymous_0)","decl":{"start":{"line":3,"column":22},"end":{"line":3,"column":23}},"loc":{"start":{"line":3,"column":39},"end":{"line":16,"column":1}},"line":3},"1":{"name":"oo_cm","decl":{"start":{"line":23,"column":30},"end":{"line":23,"column":35}},"loc":{"start":{"line":23,"column":37},"end":{"line":23,"column":36806}},"line":23},"2":{"name":"oo_oo","decl":{"start":{"line":23,"column":36816},"end":{"line":23,"column":36821}},"loc":{"start":{"line":23,"column":36829},"end":{"line":23,"column":36880}},"line":23},"3":{"name":"oo_tr","decl":{"start":{"line":23,"column":36890},"end":{"line":23,"column":36895}},"loc":{"start":{"line":23,"column":36903},"end":{"line":23,"column":36956}},"line":23},"4":{"name":"oo_ts","decl":{"start":{"line":23,"column":36966},"end":{"line":23,"column":36971}},"loc":{"start":{"line":23,"column":36973},"end":{"line":23,"column":37012}},"line":23},"5":{"name":"oo_te","decl":{"start":{"line":23,"column":37022},"end":{"line":23,"column":37027}},"loc":{"start":{"line":23,"column":37029},"end":{"line":23,"column":37071}},"line":23}},"branchMap":{"0":{"loc":{"start":{"line":23,"column":49},"end":{"line":23,"column":36793}},"type":"binary-expr","locations":[{"start":{"line":23,"column":49},"end":{"line":23,"column":86}},{"start":{"line":23,"column":90},"end":{"line":23,"column":36793}}],"line":23}},"s":{"0":1,"1":1,"2":1,"3":1,"4":1,"5":1,"6":1,"7":1,"8":1,"9":1,"10":0,"11":0,"12":0,"13":0,"14":0,"15":0,"16":0},"f":{"0":1,"1":1,"2":1,"3":0,"4":0,"5":0},"b":{"0":[1,1]},"_coverageSchema":"1a1c01bbd47fc00a2c39e90264f33305004495a9","hash":"21fc15e67342ef121b14034ba0000aab75131802"}
}
